info it worked if it ends with ok
verbose cli [ 'node', '/usr/local/bin/npm', 'install' ]
info using npm@1.1.0-beta-10
info using node@v0.6.7
verbose config file /Users/kevini/.npmrc
verbose config file /usr/local/etc/npmrc
verbose config file /usr/local/lib/node_modules/npm/npmrc
ERR! Couldn't read dependencies.
ERR! Failed to parse json
ERR! Unexpected token ,
ERR! File: /Users/kevini/Projects/repo-watch/package.json
ERR! JSON.parse Failed to parse package.json data.
ERR! JSON.parse package.json must be actual JSON, not just JavaScript.
ERR! JSON.parse This is not a bug in npm.
ERR! JSON.parse Tell the package author to fix their package.json file.
ERR! 
ERR! System Darwin 11.3.0
ERR! command "node" "/usr/local/bin/npm" "install"
ERR! cwd /Users/kevini/Projects/repo-watch
ERR! node -v v0.6.7
ERR! npm -v 1.1.0-beta-10
ERR! file /Users/kevini/Projects/repo-watch/package.json
ERR! code EJSONPARSE
ERR! message Failed to parse json
ERR! message Unexpected token ,
verbose exit [ 1, true ]
